<?xml version="1.0" encoding="UTF-8"?>
<testsuite xmlns:xsi="http://www.w3.org/2001/XMLSchema-instance" xsi:noNamespaceSchemaLocation="https://maven.apache.org/surefire/maven-surefire-plugin/xsd/surefire-test-report.xsd" name="TestSuite" time="26.099" tests="3" errors="0" skipped="1" failures="1">
  <properties>
[...]
</properties>
  <testcase name="logoPresence" classname="allureReports.Tests" time="0.451"/>
  <testcase name="loginTest" classname="allureReports.Tests" time="6.29">
    <failure message="expected [Home123] but found [Home]" type="java.lang.AssertionError">java.lang.AssertionError: expected [Home123] but found [Home]
	at allureReports.Tests.loginTest(Tests.java:66)
</failure>
    <system-out><![CDATA[I am in onTestStart method loginTest start
I am in onTestFailure method loginTest failed
Screenshot captured for test case:loginTest
]]></system-out>
  </testcase>
  <testcase name="registrationTest" classname="allureReports.Tests" time="0">
    <skipped message="Skipping this Test"/>
    <system-out><![CDATA[I am in onTestStart method registrationTest start
I am in onTestSkipped method registrationTest skipped
]]></system-out>
  </testcase>
</testsuite>