-------------------------------------------------------------------------------
Test set: TestSuite
-------------------------------------------------------------------------------
Tests run: 3, Failures: 1, Errors: 0, Skipped: 1, Time elapsed: 26.099 s <<< FAILURE! - in TestSuite
loginTest(allureReports.Tests)  Time elapsed: 6.29 s  <<< FAILURE!
java.lang.AssertionError: expected [Home123] but found [Home]
	at allureReports.Tests.loginTest(Tests.java:66)

